<?xml version="1.0" encoding="UTF-8"?>
<robot generator="Robot 4.1.2 (Python 3.8.10 on linux)" generated="20211214 17:10:17.313" rpa="false" schemaversion="2">
<suite id="s1" name="Deactivate" source="/home/ameerul/PycharmProjects/Day7Project/deactivate.robot">
<test id="s1-t1" name="Open ApiToken">
<kw name="Open Page">
<kw name="Open Browser" library="SeleniumLibrary">
<arg>https://app.deriv.com/account/deactivate-account</arg>
<arg>chrome</arg>
<doc>Opens a new browser instance to the optional ``url``.</doc>
<msg timestamp="20211214 17:10:17.395" level="INFO">Opening browser 'chrome' to base url 'https://app.deriv.com/account/deactivate-account'.</msg>
<status status="PASS" starttime="20211214 17:10:17.395" endtime="20211214 17:10:25.654"/>
</kw>
<kw name="Set Window Size" library="SeleniumLibrary">
<arg>1280</arg>
<arg>1028</arg>
<doc>Sets current windows size to given ``width`` and ``height``.</doc>
<status status="PASS" starttime="20211214 17:10:25.655" endtime="20211214 17:10:25.765"/>
</kw>
<kw name="Wait Until Page Contains Element" library="SeleniumLibrary">
<arg>txtEmail</arg>
<arg>10</arg>
<doc>Waits until the element ``locator`` appears on the current page.</doc>
<status status="PASS" starttime="20211214 17:10:25.765" endtime="20211214 17:10:25.785"/>
</kw>
<kw name="Input Text" library="SeleniumLibrary">
<arg>${email_field}</arg>
<arg>${my_email}</arg>
<doc>Types the given ``text`` into the text field identified by ``locator``.</doc>
<msg timestamp="20211214 17:10:25.786" level="INFO">Typing text 'ameerul@besquare.com.my' into text field 'name=email'.</msg>
<status status="PASS" starttime="20211214 17:10:25.786" endtime="20211214 17:10:25.853"/>
</kw>
<kw name="Input Password" library="SeleniumLibrary">
<arg>txtPass</arg>
<arg>${my_pw}</arg>
<doc>Types the given password into the text field identified by ``locator``.</doc>
<msg timestamp="20211214 17:10:25.854" level="INFO">Typing password into text field 'txtPass'.</msg>
<msg timestamp="20211214 17:10:25.879" level="INFO">Temporally setting log level to: NONE</msg>
<msg timestamp="20211214 17:10:25.903" level="INFO">Log level changed from NONE to INFO.</msg>
<status status="PASS" starttime="20211214 17:10:25.854" endtime="20211214 17:10:25.903"/>
</kw>
<kw name="Click Button" library="SeleniumLibrary">
<arg>login</arg>
<doc>Clicks the button identified by ``locator``.</doc>
<msg timestamp="20211214 17:10:25.904" level="INFO">Clicking button 'login'.</msg>
<status status="PASS" starttime="20211214 17:10:25.903" endtime="20211214 17:10:28.946"/>
</kw>
<status status="PASS" starttime="20211214 17:10:17.394" endtime="20211214 17:10:28.947"/>
</kw>
<kw name="DeactivatePage">
<kw name="Wait Until Page Contains Element" library="SeleniumLibrary">
<arg>${deactivateText}</arg>
<doc>Waits until the element ``locator`` appears on the current page.</doc>
<status status="PASS" starttime="20211214 17:10:28.947" endtime="20211214 17:10:30.022"/>
</kw>
<kw name="Element Text Should Be" library="SeleniumLibrary">
<arg>${deactivateText}</arg>
<arg>Deactivate account</arg>
<doc>Verifies that element ``locator`` contains exact the text ``expected``.</doc>
<msg timestamp="20211214 17:10:30.023" level="INFO">Verifying element '//*[contains(@class, "dc-text deactivate-account__information--bold")]' contains exact text 'Deactivate account'.</msg>
<status status="PASS" starttime="20211214 17:10:30.022" endtime="20211214 17:10:30.051"/>
</kw>
<kw name="Element Text Should Be" library="SeleniumLibrary">
<arg>${1}</arg>
<arg>1. Ensure to close all your positions</arg>
<doc>Verifies that element ``locator`` contains exact the text ``expected``.</doc>
<msg timestamp="20211214 17:10:30.052" level="INFO">Verifying element '//*[@class="deactivate-account__steps"]//*[text()="1. Ensure to close all your positions"]' contains exact text '1. Ensure to close all your positions'.</msg>
<status status="PASS" starttime="20211214 17:10:30.052" endtime="20211214 17:10:30.073"/>
</kw>
<status status="PASS" starttime="20211214 17:10:28.947" endtime="20211214 17:10:30.073"/>
</kw>
<status status="PASS" starttime="20211214 17:10:17.394" endtime="20211214 17:10:30.074"/>
</test>
<doc>Suite description</doc>
<status status="PASS" starttime="20211214 17:10:17.314" endtime="20211214 17:10:30.074"/>
</suite>
<statistics>
<total>
<stat pass="1" fail="0" skip="0">All Tests</stat>
</total>
<tag>
</tag>
<suite>
<stat pass="1" fail="0" skip="0" id="s1" name="Deactivate">Deactivate</stat>
</suite>
</statistics>
<errors>
</errors>
</robot>
